<?xml version="1.0" encoding="UTF-8"?>
<testng-results skipped="0" failed="0" ignored="0" total="1" passed="1">
  <reporter-output>
  </reporter-output>
  <suite name="helloworldalex.TestHelloWorld" duration-ms="117" started-at="2021-01-15T19:17:01 MEZ" finished-at="2021-01-15T19:17:01 MEZ">
    <groups>
    </groups>
    <test name="Command line test" duration-ms="117" started-at="2021-01-15T19:17:01 MEZ" finished-at="2021-01-15T19:17:01 MEZ">
      <class name="helloworldalex.TestHelloWorld">
        <test-method status="PASS" signature="testHelloWorld()[pri:0, instance:helloworldalex.TestHelloWorld@61832929]" name="testHelloWorld" duration-ms="13" started-at="2021-01-15T19:17:01 MEZ" finished-at="2021-01-15T19:17:01 MEZ">
          <reporter-output>
          </reporter-output>
        </test-method> <!-- testHelloWorld -->
      </class> <!-- helloworldalex.TestHelloWorld -->
    </test> <!-- Command line test -->
  </suite> <!-- helloworldalex.TestHelloWorld -->
</testng-results>
